<?xml version="1.0" encoding="UTF-8"?>
<testsuite xmlns:xsi="http://www.w3.org/2001/XMLSchema-instance" xsi:noNamespaceSchemaLocation="https://maven.apache.org/surefire/maven-surefire-plugin/xsd/surefire-test-report.xsd" name="com.mycompany.app.Department_Test" time="0.009" tests="3" errors="0" skipped="0" failures="0">
  <properties>
[...]
</properties>
  <testcase name="TEST_createDepartmentConstructor1" classname="com.mycompany.app.Department_Test" time="0"/>
  <testcase name="TEST_createDepartmentConstructor2" classname="com.mycompany.app.Department_Test" time="0"/>
  <testcase name="TEST_addJobToJobList" classname="com.mycompany.app.Department_Test" time="0"/>
</testsuite>